S190901ap/LALInference.v2.fits.gz
S190828l/bayestar.fits.gz
S190828j/bayestar.fits.gz	
S190814bv/LALInference.v1.fits.gz	
S190728q/LALInference.offline.fits.gz
S190727h/LALInference.fits.gz
S190720a/LALInference.offline.fits.gz	
S190718y/bayestar.fits.gz
S190707q/LALInference.offline.fits.gz
S190706ai/LALInference.offline.fits.gz	
S190701ah/LALInference.offline.fits.gz
S190630ag/LALInference.offline.fits.gz
S190602aq/bayestar.fits.gz	
S190521r/bayestar.fits.gz	
S190521g/bayestar.fits.gz	
S190519bj/bayestar.fits.gz
S190517h/bayestar.fits.gz
S190513bm/bayestar.fits.gz	
S190512at/LALInference.fits.gz
S190510g/LALInference.fits.gz
S190503bf/bayestar.fits.gz
S190426c/LALInference1.fits.gz
S190425z/LALInference.fits.gz
S190421ar/LALInference.fits.gz
S190412m/bayestar.fits.gz	
S190408an/bayestar.fits.gz
